
--- CLOUD ENTRY 2026-03-30 06:58:49 ---
TO: msquaremuhammad55@gmail.com
ALERT_MODE: False
ISP AUDIT LOG
Tool: Service Routing
Target: +234 906 403 4460
Timestamp: 2026-03-30 06:58:49
Results: {
  "destination": "08140956525",
  "status": "Routed",
  "stealth": true
}

--- CLOUD ENTRY 2026-03-30 06:58:49 ---
TO: msquaremuhammad55@gmail.com
ALERT_MODE: True
ISP AUDIT LOG
Tool: Service Routing
Target: +234 906 403 4460
Timestamp: 2026-03-30 06:58:49
Results: {
  "destination": "08140956525"
}

--- CLOUD ENTRY 2026-03-31 01:35:28 ---
TO: msquaremuhammad55@gmail.com
SMS_TO: 0814956525
SMS_BODY: Your ISP Session MFA Code is: 655098. Valid for 30 seconds.
ALERT_MODE: True
ISP AUDIT LOG
Tool: SIM Swap MFA
Target: +234 803 564 0770
Timestamp: 2026-03-31 01:35:28
Results: {
  "mfa_code": "655098"
}
